This is pdfTeX, Version 3.14159265-2.6-1.40.19 (MiKTeX 2.9.6840 64-bit) (preloaded format=pdflatex 2018.12.11)  11 DEC 2018 00:47
entering extended mode
**./projekt.tex
(projekt.tex
LaTeX2e <2018-04-01> patch level 5
(fitthesis.cls
Document Class: fitthesis 2017/11/07 Sablona pro BP/DP
("C:\Users\david\AppData\Local\Programs\MiKTeX 2.9\tex\latex\base\report.cls"
Document Class: report 2014/09/29 v1.4h Standard LaTeX document class
("C:\Users\david\AppData\Local\Programs\MiKTeX 2.9\tex\latex\base\size11.clo"
File: size11.clo 2014/09/29 v1.4h Standard LaTeX file (size option)
)
\c@part=\count80
\c@chapter=\count81
\c@section=\count82
\c@subsection=\count83
\c@subsubsection=\count84
\c@paragraph=\count85
\c@subparagraph=\count86
\c@figure=\count87
\c@table=\count88
\abovecaptionskip=\skip41
\belowcaptionskip=\skip42
\bibindent=\dimen102
)
("C:\Users\david\AppData\Local\Programs\MiKTeX 2.9\tex\latex\amsmath\amsmath.st
y"
Package: amsmath 2017/09/02 v2.17a AMS math features
\@mathmargin=\skip43

For additional information on amsmath, use the `?' option.

("C:\Users\david\AppData\Local\Programs\MiKTeX 2.9\tex\latex\amsmath\amstext.st
y"
Package: amstext 2000/06/29 v2.01 AMS text

("C:\Users\david\AppData\Local\Programs\MiKTeX 2.9\tex\latex\amsmath\amsgen.sty
"
File: amsgen.sty 1999/11/30 v2.0 generic functions
\@emptytoks=\toks14
\ex@=\dimen103
))
("C:\Users\david\AppData\Local\Programs\MiKTeX 2.9\tex\latex\amsmath\amsbsy.sty
"
Package: amsbsy 1999/11/29 v1.2d Bold Symbols
\pmbraise@=\dimen104
)
("C:\Users\david\AppData\Local\Programs\MiKTeX 2.9\tex\latex\amsmath\amsopn.sty
"
Package: amsopn 2016/03/08 v2.02 operator names
)
\inf@bad=\count89
LaTeX Info: Redefining \frac on input line 213.
\uproot@=\count90
\leftroot@=\count91
LaTeX Info: Redefining \overline on input line 375.
\classnum@=\count92
\DOTSCASE@=\count93
LaTeX Info: Redefining \ldots on input line 472.
LaTeX Info: Redefining \dots on input line 475.
LaTeX Info: Redefining \cdots on input line 596.
\Mathstrutbox@=\box26
\strutbox@=\box27
\big@size=\dimen105
LaTeX Font Info:    Redeclaring font encoding OML on input line 712.
LaTeX Font Info:    Redeclaring font encoding OMS on input line 713.
\macc@depth=\count94
\c@MaxMatrixCols=\count95
\dotsspace@=\muskip10
\c@parentequation=\count96
\dspbrk@lvl=\count97
\tag@help=\toks15
\row@=\count98
\column@=\count99
\maxfields@=\count100
\andhelp@=\toks16
\eqnshift@=\dimen106
\alignsep@=\dimen107
\tagshift@=\dimen108
\tagwidth@=\dimen109
\totwidth@=\dimen110
\lineht@=\dimen111
\@envbody=\toks17
\multlinegap=\skip44
\multlinetaggap=\skip45
\mathdisplay@stack=\toks18
LaTeX Info: Redefining \[ on input line 2817.
LaTeX Info: Redefining \] on input line 2818.
)
("C:\Users\david\AppData\Local\Programs\MiKTeX 2.9\tex\latex\amsfonts\amssymb.s
ty"
Package: amssymb 2013/01/14 v3.01 AMS font symbols

("C:\Users\david\AppData\Local\Programs\MiKTeX 2.9\tex\latex\amsfonts\amsfonts.
sty"
Package: amsfonts 2013/01/14 v3.01 Basic AMSFonts support
\symAMSa=\mathgroup4
\symAMSb=\mathgroup5
LaTeX Font Info:    Overwriting math alphabet `\mathfrak' in version `bold'
(Font)                  U/euf/m/n --> U/euf/b/n on input line 106.
))
("C:\Users\david\AppData\Local\Programs\MiKTeX 2.9\tex\generic\babel\babel.sty"
Package: babel 2018/09/26 3.24 The Babel package
("C:\Users\david\AppData\Local\Programs\MiKTeX 2.9\tex\generic\babel\switch.def
"
File: switch.def 2018/09/26 3.24 Babel switching mechanism
)
*************************************
* Local config file bblopts.cfg used
*
("C:\Users\david\AppData\Local\Programs\MiKTeX 2.9\tex\latex\arabi\bblopts.cfg"
File: bblopts.cfg 2005/09/08 v0.1 add Arabic and Farsi to "declared" options of
 babel
)
("C:\Users\david\AppData\Local\Programs\MiKTeX 2.9\tex\latex\babel-czech\czech.
ldf"
Language: czech 2008/07/06 v3.1a Czech support from the babel system

("C:\Users\david\AppData\Local\Programs\MiKTeX 2.9\tex\generic\babel\babel.def"
File: babel.def 2018/09/26 3.24 Babel common definitions
\babel@savecnt=\count101
\U@D=\dimen112

("C:\Users\david\AppData\Local\Programs\MiKTeX 2.9\tex\generic\babel\txtbabel.d
ef")
\bbl@dirlevel=\count102
)
Package babel Info: Making " an active character on input line 172.
\cs@wordlen=\count103
Package babel Info: Making - an active character on input line 226.
)
("C:\Users\david\AppData\Local\Programs\MiKTeX 2.9\tex\latex\babel-slovak\slova
k.ldf"
Language: slovak 2008/07/06 v3.1a Slovak support from the babel system
Package babel Info: Making ^ an active character on input line 123.
Package babel Info: Making ' an active character on input line 129.
LaTeX Info: Redefining \uv on input line 278.
\cs@wordlen=\count104
)
("C:\Users\david\AppData\Local\Programs\MiKTeX 2.9\tex\latex\babel-english\engl
ish.ldf"
Language: english 2017/06/06 v3.3r English support from the babel system
\l@canadian = a dialect from \language\l@american 
\l@australian = a dialect from \language\l@british 
\l@newzealand = a dialect from \language\l@british 
))
("C:\Users\david\AppData\Local\Programs\MiKTeX 2.9\tex\latex\base\inputenc.sty"
Package: inputenc 2018/04/06 v1.3b Input encoding file
\inpenc@prehook=\toks19
\inpenc@posthook=\toks20
) ("C:\Users\david\AppData\Local\Programs\MiKTeX 2.9\tex\latex\base\fontenc.sty
"
Package: fontenc 2017/04/05 v2.0i Standard LaTeX package
 ("C:\Users\david\AppData\Local\Programs\MiKTeX 2.9\tex\latex\base\t1enc.def"
File: t1enc.def 2017/04/05 v2.0i Standard LaTeX file
LaTeX Font Info:    Redeclaring font encoding T1 on input line 48.
)) ("C:\Users\david\AppData\Local\Programs\MiKTeX 2.9\tex\latex\cmap\cmap.sty"
Package: cmap 2008/03/06 v1.0h CMap support: searchable PDF


Package cmap Warning: fontenc already loaded - some fonts may be unprocessed.

) ("C:\Users\david\AppData\Local\Programs\MiKTeX 2.9\tex\latex\url\url.sty"
\Urlmuskip=\muskip11
Package: url 2013/09/16  ver 3.4  Verb mode for urls, etc.
)
("C:\Users\david\AppData\Local\Programs\MiKTeX 2.9\tex\latex\ms\ragged2e.sty"
Package: ragged2e 2009/05/21 v2.1 ragged2e Package (MS)

("C:\Users\david\AppData\Local\Programs\MiKTeX 2.9\tex\latex\ms\everysel.sty"
Package: everysel 2011/10/28 v1.2 EverySelectfont Package (MS)
)
\CenteringLeftskip=\skip46
\RaggedLeftLeftskip=\skip47
\RaggedRightLeftskip=\skip48
\CenteringRightskip=\skip49
\RaggedLeftRightskip=\skip50
\RaggedRightRightskip=\skip51
\CenteringParfillskip=\skip52
\RaggedLeftParfillskip=\skip53
\RaggedRightParfillskip=\skip54
\JustifyingParfillskip=\skip55
\CenteringParindent=\skip56
\RaggedLeftParindent=\skip57
\RaggedRightParindent=\skip58
\JustifyingParindent=\skip59
) ("C:\Users\david\AppData\Local\Programs\MiKTeX 2.9\tex\latex\graphics\color.s
ty"
Package: color 2016/07/10 v1.1e Standard LaTeX Color (DPC)

("C:\Users\david\AppData\Local\Programs\MiKTeX 2.9\tex\latex\graphics-cfg\color
.cfg"
File: color.cfg 2016/01/02 v1.6 sample color configuration
)
Package color Info: Driver file: pdftex.def on input line 147.

("C:\Users\david\AppData\Local\Programs\MiKTeX 2.9\tex\latex\graphics-def\pdfte
x.def"
File: pdftex.def 2018/01/08 v1.0l Graphics/color driver for pdftex
))
("C:\Users\david\AppData\Local\Programs\MiKTeX 2.9\tex\latex\etoolbox\etoolbox.
sty"
Package: etoolbox 2018/08/19 v2.5f e-TeX tools for LaTeX (JAW)
\etb@tempcnta=\count105
)
("C:\Users\david\AppData\Local\Programs\MiKTeX 2.9\tex\latex\enumitem\enumitem.
sty"
Package: enumitem 2018/11/30 v3.6 Customized lists
\enitkv@toks@=\toks21
\labelindent=\skip60
\enit@outerparindent=\dimen113
\enit@toks=\toks22
\enit@inbox=\box28
\enitdp@description=\count106
)
("C:\Users\david\AppData\Local\Programs\MiKTeX 2.9\tex\latex\graphics\graphicx.
sty"
Package: graphicx 2017/06/01 v1.1a Enhanced LaTeX Graphics (DPC,SPQR)

("C:\Users\david\AppData\Local\Programs\MiKTeX 2.9\tex\latex\graphics\keyval.st
y"
Package: keyval 2014/10/28 v1.15 key=value parser (DPC)
\KV@toks@=\toks23
)
("C:\Users\david\AppData\Local\Programs\MiKTeX 2.9\tex\latex\graphics\graphics.
sty"
Package: graphics 2017/06/25 v1.2c Standard LaTeX Graphics (DPC,SPQR)

("C:\Users\david\AppData\Local\Programs\MiKTeX 2.9\tex\latex\graphics\trig.sty"
Package: trig 2016/01/03 v1.10 sin cos tan (DPC)
)
("C:\Users\david\AppData\Local\Programs\MiKTeX 2.9\tex\latex\graphics-cfg\graph
ics.cfg"
File: graphics.cfg 2016/06/04 v1.11 sample graphics configuration
)
Package graphics Info: Driver file: pdftex.def on input line 99.
)
\Gin@req@height=\dimen114
\Gin@req@width=\dimen115
)
\mkspc=\skip61
\DESCRIPTION@totalleftmargin=\skip62
\DESCRIPTION@linewidth=\skip63

("C:\Users\david\AppData\Local\Programs\MiKTeX 2.9\tex\latex\opensans\opensans.
sty"
Package: opensans 2011/11/11 Opensans

("C:\Users\david\AppData\Local\Programs\MiKTeX 2.9\tex\latex\slantsc\slantsc.st
y"
Package: slantsc 2012/01/01 v2.11 Provide Slanted an Italic Small Caps
 ("C:\Users\david\AppData\Local\Programs\MiKTeX 2.9\tex\latex\base\ifthen.sty"
Package: ifthen 2014/09/29 v1.1c Standard LaTeX ifthen package (DPC)
)
LaTeX Info: Redefining \upshape on input line 35.
LaTeX Info: Redefining \slshape on input line 45.
LaTeX Info: Redefining \itshape on input line 55.
LaTeX Info: Redefining \scshape on input line 65.
))
("C:\Users\david\AppData\Local\Programs\MiKTeX 2.9\tex\latex\base\fontenc.sty"
Package: fontenc 2017/04/05 v2.0i Standard LaTeX package

("C:\Users\david\AppData\Local\Programs\MiKTeX 2.9\tex\latex\base\t1enc.def"
File: t1enc.def 2017/04/05 v2.0i Standard LaTeX file
LaTeX Font Info:    Redeclaring font encoding T1 on input line 48.
))
("C:\Users\david\AppData\Local\Programs\MiKTeX 2.9\tex\latex\float\float.sty"
Package: float 2001/11/08 v1.3d Float enhancements (AL)
\c@float@type=\count107
\float@exts=\toks24
\float@box=\box29
\@float@everytoks=\toks25
\@floatcapt=\box30
)
("C:\Users\david\AppData\Local\Programs\MiKTeX 2.9\tex\latex\tools\calc.sty"
Package: calc 2017/05/25 v4.3 Infix arithmetic (KKT,FJ)
\calc@Acount=\count108
\calc@Bcount=\count109
\calc@Adimen=\dimen116
\calc@Bdimen=\dimen117
\calc@Askip=\skip64
\calc@Bskip=\skip65
LaTeX Info: Redefining \setlength on input line 80.
LaTeX Info: Redefining \addtolength on input line 81.
\calc@Ccount=\count110
\calc@Cskip=\skip66
)
("C:\Users\david\AppData\Local\Programs\MiKTeX 2.9\tex\latex\tools\longtable.st
y"
Package: longtable 2014/10/28 v4.11 Multi-page Table package (DPC)
\LTleft=\skip67
\LTright=\skip68
\LTpre=\skip69
\LTpost=\skip70
\LTchunksize=\count111
\LTcapwidth=\dimen118
\LT@head=\box31
\LT@firsthead=\box32
\LT@foot=\box33
\LT@lastfoot=\box34
\LT@cols=\count112
\LT@rows=\count113
\c@LT@tables=\count114
\c@LT@chunks=\count115
\LT@p@ftn=\toks26
)
("C:\Users\david\AppData\Local\Programs\MiKTeX 2.9\tex\latex\booktabs\booktabs.
sty"
Package: booktabs 2005/04/14 v1.61803 publication quality tables
\heavyrulewidth=\dimen119
\lightrulewidth=\dimen120
\cmidrulewidth=\dimen121
\belowrulesep=\dimen122
\belowbottomsep=\dimen123
\aboverulesep=\dimen124
\abovetopsep=\dimen125
\cmidrulesep=\dimen126
\cmidrulekern=\dimen127
\defaultaddspace=\dimen128
\@cmidla=\count116
\@cmidlb=\count117
\@aboverulesep=\dimen129
\@belowrulesep=\dimen130
\@thisruleclass=\count118
\@lastruleclass=\count119
\@thisrulewidth=\dimen131
)
("C:\Users\david\AppData\Local\Programs\MiKTeX 2.9\tex\latex\xcolor\xcolor.sty"
Package: xcolor 2016/05/11 v2.12 LaTeX color extensions (UK)

("C:\Users\david\AppData\Local\Programs\MiKTeX 2.9\tex\latex\graphics-cfg\color
.cfg"
File: color.cfg 2016/01/02 v1.6 sample color configuration
)
Package xcolor Info: Driver file: pdftex.def on input line 225.
LaTeX Info: Redefining \color on input line 709.
Package xcolor Info: Model `cmy' substituted by `cmy0' on input line 1348.
Package xcolor Info: Model `hsb' substituted by `rgb' on input line 1352.
Package xcolor Info: Model `RGB' extended on input line 1364.
Package xcolor Info: Model `HTML' substituted by `rgb' on input line 1366.
Package xcolor Info: Model `Hsb' substituted by `hsb' on input line 1367.
Package xcolor Info: Model `tHsb' substituted by `hsb' on input line 1368.
Package xcolor Info: Model `HSB' substituted by `hsb' on input line 1369.
Package xcolor Info: Model `Gray' substituted by `gray' on input line 1370.
Package xcolor Info: Model `wave' substituted by `hsb' on input line 1371.
)
("C:\Users\david\AppData\Local\Programs\MiKTeX 2.9\tex\latex\colortbl\colortbl.
sty"
Package: colortbl 2018/05/02 v1.0c Color table columns (DPC)

("C:\Users\david\AppData\Local\Programs\MiKTeX 2.9\tex\latex\tools\array.sty"
Package: array 2018/04/30 v2.4h Tabular extension package (FMi)
\col@sep=\dimen132
\ar@mcellbox=\box35
\extrarowheight=\dimen133
\NC@list=\toks27
\extratabsurround=\skip71
\backup@length=\skip72
\ar@cellbox=\box36
)
\everycr=\toks28
\minrowclearance=\skip73
)
("C:\Users\david\AppData\Local\Programs\MiKTeX 2.9\tex\latex\multirow\multirow.
sty"
Package: multirow 2018/08/03 v2.3 Span multiple rows of a table
\multirow@colwidth=\skip74
\multirow@cntb=\count120
\multirow@dima=\skip75
\bigstrutjot=\dimen134
)
("C:\Users\david\AppData\Local\Programs\MiKTeX 2.9\tex\latex\tools\tabularx.sty
"
Package: tabularx 2016/02/03 v2.11b `tabularx' package (DPC)
\TX@col@width=\dimen135
\TX@old@table=\dimen136
\TX@old@col=\dimen137
\TX@target=\dimen138
\TX@delta=\dimen139
\TX@cols=\count121
\TX@ftn=\toks29
)
("C:\Users\david\AppData\Local\Programs\MiKTeX 2.9\tex\latex\blindtext\blindtex
t.sty"
Package: blindtext 2012/01/06 V2.0 blindtext-Package

("C:\Users\david\AppData\Local\Programs\MiKTeX 2.9\tex\latex\tools\xspace.sty"
Package: xspace 2014/10/28 v1.13 Space after command names (DPC,MH)
)
\c@blindtext=\count122
\c@Blindtext=\count123
\c@blind@countparstart=\count124
\blind@countxx=\count125
\blindtext@numBlindtext=\count126
\blind@countyy=\count127
\c@blindlist=\count128
\c@blindlistlevel=\count129
\c@blindlist@level=\count130
\blind@listitem=\count131
\c@blind@listcount=\count132
\c@blind@levelcount=\count133
\blind@mathformula=\count134
\blind@Mathformula=\count135
\c@blind@randomcount=\count136
\c@blind@randommax=\count137
\c@blind@pangramcount=\count138
\c@blind@pangrammax=\count139
)
("C:\Users\david\AppData\Local\Programs\MiKTeX 2.9\tex\latex\listings\listings.
sty"
\lst@mode=\count140
\lst@gtempboxa=\box37
\lst@token=\toks30
\lst@length=\count141
\lst@currlwidth=\dimen140
\lst@column=\count142
\lst@pos=\count143
\lst@lostspace=\dimen141
\lst@width=\dimen142
\lst@newlines=\count144
\lst@lineno=\count145
\lst@maxwidth=\dimen143

("C:\Users\david\AppData\Local\Programs\MiKTeX 2.9\tex\latex\listings\lstmisc.s
ty"
File: lstmisc.sty 2018/09/02 1.7 (Carsten Heinz)
\c@lstnumber=\count146
\lst@skipnumbers=\count147
\lst@framebox=\box38
)
("C:\Users\david\AppData\Local\Programs\MiKTeX 2.9\tex\latex\listings\listings.
cfg"
File: listings.cfg 2018/09/02 1.7 listings configuration
))
Package: listings 2018/09/02 1.7 (Carsten Heinz)

("C:\Users\david\AppData\Local\Programs\MiKTeX 2.9\tex\latex\appendix\appendix.
sty"
Package: appendix 2009/09/02 v1.2b extra appendix facilities
\c@@pps=\count148
\c@@ppsavesec=\count149
\c@@ppsaveapp=\count150
)
("C:\Users\david\AppData\Local\Programs\MiKTeX 2.9\tex\latex\titlesec\titletoc.
sty"
Package: titletoc 2011/12/15 v1.6 TOC entries
\ttl@leftsep=\dimen144
) ("C:\Users\david\AppData\Local\Programs\MiKTeX 2.9\tex\latex\ae\ae.sty"
Package: ae 2001/02/12 1.3 Almost European Computer Modern

("C:\Users\david\AppData\Local\Programs\MiKTeX 2.9\tex\latex\base\fontenc.sty"
Package: fontenc 2017/04/05 v2.0i Standard LaTeX package

("C:\Users\david\AppData\Local\Programs\MiKTeX 2.9\tex\latex\base\t1enc.def"
File: t1enc.def 2017/04/05 v2.0i Standard LaTeX file
LaTeX Font Info:    Redeclaring font encoding T1 on input line 48.
)
LaTeX Font Info:    Try loading font information for T1+aer on input line 105.

("C:\Users\david\AppData\Local\Programs\MiKTeX 2.9\tex\latex\ae\t1aer.fd"
File: t1aer.fd 1997/11/16 Font definitions for T1/aer.
)<<t1.cmap>>))
("C:\Users\david\AppData\Local\Programs\MiKTeX 2.9\tex\latex\regexpatch\regexpa
tch.sty"
("C:\Users\david\AppData\Local\Programs\MiKTeX 2.9\tex\latex\l3kernel\expl3.sty
"
Package: expl3 2018-11-19 L3 programming layer (loader) 

("C:\Users\david\AppData\Local\Programs\MiKTeX 2.9\tex\latex\l3kernel\expl3-cod
e.tex"
Package: expl3 2018-11-19 L3 programming layer (code)
\c_max_int=\count151
\l_tmpa_int=\count152
\l_tmpb_int=\count153
\g_tmpa_int=\count154
\g_tmpb_int=\count155
\g__kernel_prg_map_int=\count156
\c_log_iow=\count157
\l_iow_line_count_int=\count158
\l__iow_line_target_int=\count159
\l__iow_one_indent_int=\count160
\l__iow_indent_int=\count161
\c_zero_dim=\dimen145
\c_max_dim=\dimen146
\l_tmpa_dim=\dimen147
\l_tmpb_dim=\dimen148
\g_tmpa_dim=\dimen149
\g_tmpb_dim=\dimen150
\c_zero_skip=\skip76
\c_max_skip=\skip77
\l_tmpa_skip=\skip78
\l_tmpb_skip=\skip79
\g_tmpa_skip=\skip80
\g_tmpb_skip=\skip81
\c_zero_muskip=\muskip12
\c_max_muskip=\muskip13
\l_tmpa_muskip=\muskip14
\l_tmpb_muskip=\muskip15
\g_tmpa_muskip=\muskip16
\g_tmpb_muskip=\muskip17
\l_keys_choice_int=\count162
\l__intarray_loop_int=\count163
\c__intarray_sp_dim=\dimen151
\g__intarray_font_int=\count164
\c__fp_leading_shift_int=\count165
\c__fp_middle_shift_int=\count166
\c__fp_trailing_shift_int=\count167
\c__fp_big_leading_shift_int=\count168
\c__fp_big_middle_shift_int=\count169
\c__fp_big_trailing_shift_int=\count170
\c__fp_Bigg_leading_shift_int=\count171
\c__fp_Bigg_middle_shift_int=\count172
\c__fp_Bigg_trailing_shift_int=\count173
\c__kernel_randint_max_int=\count174
\g__fp_array_int=\count175
\l__fp_array_loop_int=\count176
\l__sort_length_int=\count177
\l__sort_min_int=\count178
\l__sort_top_int=\count179
\l__sort_max_int=\count180
\l__sort_true_max_int=\count181
\l__sort_block_int=\count182
\l__sort_begin_int=\count183
\l__sort_end_int=\count184
\l__sort_A_int=\count185
\l__sort_B_int=\count186
\l__sort_C_int=\count187
\l__tl_analysis_normal_int=\count188
\l__tl_analysis_index_int=\count189
\l__tl_analysis_nesting_int=\count190
\l__tl_analysis_type_int=\count191
\l__regex_internal_a_int=\count192
\l__regex_internal_b_int=\count193
\l__regex_internal_c_int=\count194
\l__regex_balance_int=\count195
\l__regex_group_level_int=\count196
\l__regex_mode_int=\count197
\c__regex_cs_in_class_mode_int=\count198
\c__regex_cs_mode_int=\count199
\l__regex_catcodes_int=\count266
\l__regex_default_catcodes_int=\count267
\c__regex_catcode_D_int=\count268
\c__regex_catcode_S_int=\count269
\c__regex_catcode_L_int=\count270
\c__regex_catcode_O_int=\count271
\c__regex_catcode_A_int=\count272
\c__regex_all_catcodes_int=\count273
\l__regex_show_lines_int=\count274
\l__regex_min_state_int=\count275
\l__regex_max_state_int=\count276
\l__regex_left_state_int=\count277
\l__regex_right_state_int=\count278
\l__regex_capturing_group_int=\count279
\l__regex_min_pos_int=\count280
\l__regex_max_pos_int=\count281
\l__regex_curr_pos_int=\count282
\l__regex_start_pos_int=\count283
\l__regex_success_pos_int=\count284
\l__regex_curr_char_int=\count285
\l__regex_curr_catcode_int=\count286
\l__regex_last_char_int=\count287
\l__regex_case_changed_char_int=\count288
\l__regex_curr_state_int=\count289
\l__regex_step_int=\count290
\l__regex_min_active_int=\count291
\l__regex_max_active_int=\count292
\l__regex_replacement_csnames_int=\count293
\l__regex_match_count_int=\count294
\l__regex_min_submatch_int=\count295
\l__regex_submatch_int=\count296
\l__regex_zeroth_submatch_int=\count297
\g__regex_trace_regex_int=\count298
\c_empty_box=\box39
\l_tmpa_box=\box40
\l_tmpb_box=\box41
\g_tmpa_box=\box42
\g_tmpb_box=\box43
\l__box_top_dim=\dimen152
\l__box_bottom_dim=\dimen153
\l__box_left_dim=\dimen154
\l__box_right_dim=\dimen155
\l__box_top_new_dim=\dimen156
\l__box_bottom_new_dim=\dimen157
\l__box_left_new_dim=\dimen158
\l__box_right_new_dim=\dimen159
\l__box_internal_box=\box44
\l__coffin_internal_box=\box45
\l__coffin_internal_dim=\dimen160
\l__coffin_offset_x_dim=\dimen161
\l__coffin_offset_y_dim=\dimen162
\l__coffin_x_dim=\dimen163
\l__coffin_y_dim=\dimen164
\l__coffin_x_prime_dim=\dimen165
\l__coffin_y_prime_dim=\dimen166
\c_empty_coffin=\box46
\l__coffin_aligned_coffin=\box47
\l__coffin_aligned_internal_coffin=\box48
\l_tmpa_coffin=\box49
\l_tmpb_coffin=\box50
\l__coffin_display_coffin=\box51
\l__coffin_display_coord_coffin=\box52
\l__coffin_display_pole_coffin=\box53
\l__coffin_display_offset_dim=\dimen167
\l__coffin_display_x_dim=\dimen168
\l__coffin_display_y_dim=\dimen169
\g__file_internal_ior=\read1
\l__coffin_bounding_shift_dim=\dimen170
\l__coffin_left_corner_dim=\dimen171
\l__coffin_right_corner_dim=\dimen172
\l__coffin_bottom_corner_dim=\dimen173
\l__coffin_top_corner_dim=\dimen174
\l__coffin_scaled_total_height_dim=\dimen175
\l__coffin_scaled_width_dim=\dimen176
\l__seq_internal_a_int=\count299
\l__seq_internal_b_int=\count300
)
("C:\Users\david\AppData\Local\Programs\MiKTeX 2.9\tex\latex\l3kernel\l3pdfmode
.def"
File: l3pdfmode.def 2018-11-19 v L3 Experimental driver: PDF mode
\l__driver_color_stack_int=\count301
))
Package: regexpatch 2018/05/02 v0.2d Extending etoolbox patching commands

("C:\Users\david\AppData\Local\Programs\MiKTeX 2.9\tex\latex\l3packages\xparse\
xparse.sty"
Package: xparse 2018-10-17 L3 Experimental document command parser
\l__xparse_current_arg_int=\count302
\g__xparse_grabber_int=\count303
\l__xparse_m_args_int=\count304
\l__xparse_mandatory_args_int=\count305
\l__xparse_v_nesting_int=\count306
)))
("C:\Users\david\AppData\Local\Programs\MiKTeX 2.9\tex\latex\hyperref\hyperref.
sty"
Package: hyperref 2018/09/30 v6.88a Hypertext links for LaTeX

("C:\Users\david\AppData\Local\Programs\MiKTeX 2.9\tex\generic\oberdiek\hobsub-
hyperref.sty"
Package: hobsub-hyperref 2016/05/16 v1.14 Bundle oberdiek, subset hyperref (HO)


("C:\Users\david\AppData\Local\Programs\MiKTeX 2.9\tex\generic\oberdiek\hobsub-
generic.sty"
Package: hobsub-generic 2016/05/16 v1.14 Bundle oberdiek, subset generic (HO)
Package: hobsub 2016/05/16 v1.14 Construct package bundles (HO)
Package: infwarerr 2016/05/16 v1.4 Providing info/warning/error messages (HO)
Package: ltxcmds 2016/05/16 v1.23 LaTeX kernel commands for general use (HO)
Package: ifluatex 2016/05/16 v1.4 Provides the ifluatex switch (HO)
Package ifluatex Info: LuaTeX not detected.
Package: ifvtex 2016/05/16 v1.6 Detect VTeX and its facilities (HO)
Package ifvtex Info: VTeX not detected.
Package: intcalc 2016/05/16 v1.2 Expandable calculations with integers (HO)
Package: ifpdf 2018/09/07 v3.3 Provides the ifpdf switch
Package: etexcmds 2016/05/16 v1.6 Avoid name clashes with e-TeX commands (HO)
Package etexcmds Info: Could not find \expanded.
(etexcmds)             That can mean that you are not using pdfTeX 1.50 or
(etexcmds)             that some package has redefined \expanded.
(etexcmds)             In the latter case, load this package earlier.
Package: kvsetkeys 2016/05/16 v1.17 Key value parser (HO)
Package: kvdefinekeys 2016/05/16 v1.4 Define keys (HO)
Package: pdftexcmds 2018/09/10 v0.29 Utility functions of pdfTeX for LuaTeX (HO
)
Package pdftexcmds Info: LuaTeX not detected.
Package pdftexcmds Info: \pdf@primitive is available.
Package pdftexcmds Info: \pdf@ifprimitive is available.
Package pdftexcmds Info: \pdfdraftmode found.
Package: pdfescape 2016/05/16 v1.14 Implements pdfTeX's escape features (HO)
Package: bigintcalc 2016/05/16 v1.4 Expandable calculations on big integers (HO
)
Package: bitset 2016/05/16 v1.2 Handle bit-vector datatype (HO)
Package: uniquecounter 2016/05/16 v1.3 Provide unlimited unique counter (HO)
)
Package hobsub Info: Skipping package `hobsub' (already loaded).
Package: letltxmacro 2016/05/16 v1.5 Let assignment for LaTeX macros (HO)
Package: hopatch 2016/05/16 v1.3 Wrapper for package hooks (HO)
Package: xcolor-patch 2016/05/16 xcolor patch
Package: atveryend 2016/05/16 v1.9 Hooks at the very end of document (HO)
Package: atbegshi 2016/06/09 v1.18 At begin shipout hook (HO)
Package: refcount 2016/05/16 v3.5 Data extraction from label references (HO)
Package: hycolor 2016/05/16 v1.8 Color options for hyperref/bookmark (HO)
)
("C:\Users\david\AppData\Local\Programs\MiKTeX 2.9\tex\generic\ifxetex\ifxetex.
sty"
Package: ifxetex 2010/09/12 v0.6 Provides ifxetex conditional
)
("C:\Users\david\AppData\Local\Programs\MiKTeX 2.9\tex\latex\oberdiek\auxhook.s
ty"
Package: auxhook 2016/05/16 v1.4 Hooks for auxiliary files (HO)
)
("C:\Users\david\AppData\Local\Programs\MiKTeX 2.9\tex\latex\oberdiek\kvoptions
.sty"
Package: kvoptions 2016/05/16 v3.12 Key value format for package options (HO)
)
\@linkdim=\dimen177
\Hy@linkcounter=\count307
\Hy@pagecounter=\count308

("C:\Users\david\AppData\Local\Programs\MiKTeX 2.9\tex\latex\hyperref\pd1enc.de
f"
File: pd1enc.def 2018/09/30 v6.88a Hyperref: PDFDocEncoding definition (HO)
Now handling font encoding PD1 ...
... no UTF-8 mapping file for font encoding PD1
)
\Hy@SavedSpaceFactor=\count309

("C:\Users\david\AppData\Local\Programs\MiKTeX 2.9\tex\latex\00miktex\hyperref.
cfg"
File: hyperref.cfg 2002/06/06 v1.2 hyperref configuration of TeXLive
)
Package hyperref Info: Option `unicode' set `true' on input line 4409.

("C:\Users\david\AppData\Local\Programs\MiKTeX 2.9\tex\latex\hyperref\puenc.def
"
File: puenc.def 2018/09/30 v6.88a Hyperref: PDF Unicode definition (HO)
Now handling font encoding PU ...
... no UTF-8 mapping file for font encoding PU
)
Package hyperref Info: Option `colorlinks' set `true' on input line 4409.
Package hyperref Info: Option `hyperindex' set `true' on input line 4409.
Package hyperref Info: Option `plainpages' set `false' on input line 4409.
Package hyperref Info: Hyper figures OFF on input line 4535.
Package hyperref Info: Link nesting OFF on input line 4540.
Package hyperref Info: Hyper index ON on input line 4543.
Package hyperref Info: Plain pages OFF on input line 4550.
Package hyperref Info: Backreferencing OFF on input line 4555.
Package hyperref Info: Implicit mode ON; LaTeX internals redefined.
Package hyperref Info: Bookmarks ON on input line 4788.
\c@Hy@tempcnt=\count310
LaTeX Info: Redefining \url on input line 5141.
\XeTeXLinkMargin=\dimen178
\Fld@menulength=\count311
\Field@Width=\dimen179
\Fld@charsize=\dimen180
Package hyperref Info: Hyper figures OFF on input line 6396.
Package hyperref Info: Link nesting OFF on input line 6401.
Package hyperref Info: Hyper index ON on input line 6404.
Package hyperref Info: backreferencing OFF on input line 6411.
Package hyperref Info: Link coloring ON on input line 6414.
Package hyperref Info: Link coloring with OCG OFF on input line 6421.
Package hyperref Info: PDF/A mode OFF on input line 6426.
LaTeX Info: Redefining \ref on input line 6466.
LaTeX Info: Redefining \pageref on input line 6470.
\Hy@abspage=\count312
\c@Item=\count313
\c@Hfootnote=\count314
)
Package hyperref Info: Driver: hpdftex.

("C:\Users\david\AppData\Local\Programs\MiKTeX 2.9\tex\latex\hyperref\hpdftex.d
ef"
File: hpdftex.def 2018/09/30 v6.88a Hyperref driver for pdfTeX
\Fld@listcount=\count315
\c@bookmark@seq@number=\count316

("C:\Users\david\AppData\Local\Programs\MiKTeX 2.9\tex\latex\oberdiek\rerunfile
check.sty"
Package: rerunfilecheck 2016/05/16 v1.8 Rerun checks for auxiliary files (HO)
Package uniquecounter Info: New unique counter `rerunfilecheck' on input line 2
82.
)
\Hy@SectionHShift=\skip82
)
("C:\Users\david\AppData\Local\Programs\MiKTeX 2.9\tex\latex\oberdiek\hypcap.st
y"
Package: hypcap 2016/05/16 v1.12 Adjusting the anchors of captions (HO)
)
\enitdp@checklist=\count317
 (projekt.aux)
\openout1 = `projekt.aux'.

LaTeX Font Info:    Checking defaults for OML/cmm/m/it on input line 177.
LaTeX Font Info:    ... okay on input line 177.
LaTeX Font Info:    Checking defaults for T1/cmr/m/n on input line 177.
LaTeX Font Info:    ... okay on input line 177.
LaTeX Font Info:    Checking defaults for OT1/cmr/m/n on input line 177.
LaTeX Font Info:    ... okay on input line 177.
LaTeX Font Info:    Checking defaults for OMS/cmsy/m/n on input line 177.
LaTeX Font Info:    ... okay on input line 177.
LaTeX Font Info:    Checking defaults for OMX/cmex/m/n on input line 177.
LaTeX Font Info:    ... okay on input line 177.
LaTeX Font Info:    Checking defaults for U/cmr/m/n on input line 177.
LaTeX Font Info:    ... okay on input line 177.
LaTeX Font Info:    Checking defaults for PD1/pdf/m/n on input line 177.
LaTeX Font Info:    ... okay on input line 177.
LaTeX Font Info:    Checking defaults for PU/pdf/m/n on input line 177.
LaTeX Font Info:    ... okay on input line 177.
LaTeX Font Info:    Try loading font information for T1+lmr on input line 177.

("C:\Users\david\AppData\Local\Programs\MiKTeX 2.9\tex\latex\lm\t1lmr.fd"
File: t1lmr.fd 2009/10/30 v1.6 Font defs for Latin Modern
)
ABD: EverySelectfont initializing macros
LaTeX Info: Redefining \selectfont on input line 177.

("C:\Users\david\AppData\Local\Programs\MiKTeX 2.9\tex\context\base\supp-pdf.mk
ii"
[Loading MPS to PDF converter (version 2006.09.02).]
\scratchcounter=\count318
\scratchdimen=\dimen181
\scratchbox=\box54
\nofMPsegments=\count319
\nofMParguments=\count320
\everyMPshowfont=\toks31
\MPscratchCnt=\count321
\MPscratchDim=\dimen182
\MPnumerator=\count322
\makeMPintoPDFobject=\count323
\everyMPtoPDFconversion=\toks32
)
("C:\Users\david\AppData\Local\Programs\MiKTeX 2.9\tex\latex\oberdiek\epstopdf-
base.sty"
Package: epstopdf-base 2016/05/15 v2.6 Base part for package epstopdf

("C:\Users\david\AppData\Local\Programs\MiKTeX 2.9\tex\latex\oberdiek\grfext.st
y"
Package: grfext 2016/05/16 v1.2 Manage graphics extensions (HO)
)
Package epstopdf-base Info: Redefining graphics rule for `.eps' on input line 4
38.
Package grfext Info: Graphics extension search list:
(grfext)             [.pdf,.png,.jpg,.mps,.jpeg,.jbig2,.jb2,.PDF,.PNG,.JPG,.JPE
G,.JBIG2,.JB2,.eps]
(grfext)             \AppendGraphicsExtensions on input line 456.
)
\c@lstlisting=\count324
\AtBeginShipoutBox=\box55
Package hyperref Info: Link coloring ON on input line 177.

("C:\Users\david\AppData\Local\Programs\MiKTeX 2.9\tex\latex\hyperref\nameref.s
ty"
Package: nameref 2016/05/21 v2.44 Cross-referencing by name of section

("C:\Users\david\AppData\Local\Programs\MiKTeX 2.9\tex\generic\oberdiek\gettitl
estring.sty"
Package: gettitlestring 2016/05/16 v1.5 Cleanup title references (HO)
)
\c@section@level=\count325
)
LaTeX Info: Redefining \ref on input line 177.
LaTeX Info: Redefining \pageref on input line 177.
LaTeX Info: Redefining \nameref on input line 177.
 (projekt.out) (projekt.out)
\@outlinefile=\write3
\openout3 = `projekt.out'.

LaTeX Font Info:    Try loading font information for T1+qhv on input line 183.

("C:\Users\david\AppData\Local\Programs\MiKTeX 2.9\tex\latex\tex-gyre\t1qhv.fd"
File: t1qhv.fd 2009/09/25 v1.2 font definition file for T1/qhv
)
\@obrlogo=\box56
\@rtext=\box57
\@vyskartext=\skip83
\@sirkartext=\skip84
\@vyskaobr=\skip85
\@sirkaobr=\skip86
<template-fig/VUT_symbol_barevne_CMYK_CZ.pdf, id=164, 167.13641pt x 165.87971pt
>
File: template-fig/VUT_symbol_barevne_CMYK_CZ.pdf Graphic file (type pdf)
<use template-fig/VUT_symbol_barevne_CMYK_CZ.pdf>
Package pdftex.def Info: template-fig/VUT_symbol_barevne_CMYK_CZ.pdf  used on i
nput line 183.
(pdftex.def)             Requested size: 116.65646pt x 115.17995pt.
LaTeX Font Info:    Try loading font information for T1+fos on input line 183.
 ("C:\Users\david\AppData\Local\Programs\MiKTeX 2.9\tex\latex\opensans\t1fos.fd
"
File: t1fos.fd 2011/11/11 Fontinst v1.927 font definitions for T1/fos.
)
LaTeX Font Info:    Font shape `T1/fos/bx/n' in size <18> not available
(Font)              Font shape `T1/fos/b/n' tried instead on input line 183.
LaTeX Font Info:    Font shape `T1/fos/bx/n' in size <11> not available
(Font)              Font shape `T1/fos/b/n' tried instead on input line 183.
LaTeX Font Info:    Font shape `T1/fos/bx/n' in size <14> not available
(Font)              Font shape `T1/fos/b/n' tried instead on input line 183.

Overfull \hbox (6.71347pt too wide) in paragraph at lines 183--183
\T1/fos/b/n/18 MENT— PO-MOCÍ HLU-BO-KÝCH NEU-RO-NO-VÝCH SÍTÍ 
 []

LaTeX Font Info:    Font shape `T1/fos/bx/n' in size <10> not available
(Font)              Font shape `T1/fos/b/n' tried instead on input line 183.
[1

{C:/Users/david/AppData/Local/MiKTeX/2.9/pdftex/config/pdftex.map} <./template-
fig/VUT_symbol_barevne_CMYK_CZ.pdf>] [2] [3] (projekt.toc<<ot1.cmap>><<oml.cmap
>><<oms.cmap>><<omx.cmap>>
LaTeX Font Info:    Try loading font information for U+msa on input line 10.

("C:\Users\david\AppData\Local\Programs\MiKTeX 2.9\tex\latex\amsfonts\umsa.fd"
File: umsa.fd 2013/01/14 v3.01 AMS symbols A
)
LaTeX Font Info:    Try loading font information for U+msb on input line 10.
("C:\Users\david\AppData\Local\Programs\MiKTeX 2.9\tex\latex\amsfonts\umsb.fd"
File: umsb.fd 2013/01/14 v3.01 AMS symbols B
)pdfTeX warning (ext4): destination with the same identifier (name{page.1}) has
 been already used, duplicate ignored
<to be read again> 
                   \relax 
l.42 ... pr\IeC {\'a}ci v IS FIT}{48}{section.7.2}
                                                   [1


])
\tf@toc=\write4
\openout4 = `projekt.toc'.


(projekt-01-kapitoly-chapters.texpdfTeX warning (ext4): destination with the sa
me identifier (name{page.2}) has been already used, duplicate ignored
<to be read again> 
                   \relax 
l.3 \chapter
            {Ãšvod} [2]
Kapitola 1.
pdfTeX warning (ext4): destination with the same identifier (name{page.3}) has 
been already used, duplicate ignored
<to be read again> 
                   \relax 
l.16 
      [3

] [4]
Kapitola 2.
[5

]
LaTeX Font Info:    Try loading font information for OMS+lmr on input line 52.
 ("C:\Users\david\AppData\Local\Programs\MiKTeX 2.9\tex\latex\lm\omslmr.fd"
File: omslmr.fd 2009/10/30 v1.6 Font defs for Latin Modern
)
LaTeX Font Info:    Try loading font information for OMS+lmsy on input line 52.

("C:\Users\david\AppData\Local\Programs\MiKTeX 2.9\tex\latex\lm\omslmsy.fd"
File: omslmsy.fd 2009/10/30 v1.6 Font defs for Latin Modern
)
LaTeX Font Info:    Font shape `OMS/lmr/m/n' in size <10.95> not available
(Font)              Font shape `OMS/lmsy/m/n' tried instead on input line 52.

[6] [7] [8]
Kapitola 3.
[9

]
LaTeX Font Info:    Try loading font information for T1+lmtt on input line 123.

 ("C:\Users\david\AppData\Local\Programs\MiKTeX 2.9\tex\latex\lm\t1lmtt.fd"
File: t1lmtt.fd 2009/10/30 v1.6 Font defs for Latin Modern
) [10] [11] [12] [13] [14] [15] [16] [17] [18] [19]
LaTeX Font Info:    Font shape `OMS/lmr/m/it' in size <10.95> not available
(Font)              Font shape `OMS/lmsy/m/n' tried instead on input line 387.
 [20] [21]
Kapitola 4.
[22

] [23] [24] [25] [26] [27] [28] [29] [30] [31] [32] [33] [34] [35]
Kapitola 5.
[36

] [37]
Underfull \hbox (badness 4899) in paragraph at lines 882--884
\T1/lmr/m/it/10.95 mic Li-te-ra-ture\T1/lmr/m/n/10.95 . Sep-tem-ber 2010, vol. 
48, no. 3, s. 603-641. ISSN 0022-0515.
 []


Overfull \hbox (0.36575pt too wide) in paragraph at lines 892--894
\T1/lmr/m/it/10.95 of eco-no-mics \T1/lmr/m/n/10.95 [on-line]. 2012 [cit. 2012-
08-31]. Do-stupné z: [][]$\T1/lmtt/m/n/10.95 http : / / gregmankiw\OML/cmm/m/it
/10.95 :\T1/lmtt/m/n/10.95 blogspot\OML/cmm/m/it/10.95 :\T1/lmtt/m/n/10.95 cz /

 []

[38] [39]
Kapitola 6.
LaTeX Font Info:    Font shape `T1/lmtt/bx/n' in size <10.95> not available
(Font)              Font shape `T1/lmtt/b/n' tried instead on input line 958.
[40

] [41] [42] [43] [44] [45]
Overfull \hbox (2.12448pt too wide) in paragraph at lines 1135--1136
[]\T1/lmr/bx/n/10.95 Ned¥litelné me-zery: \T1/lmr/m/n/10.95 Ud¥-lat ta-ko-vou t
y-po-gra-fic-kou hrubku jako po-ne-chání s na konci
 []

[46]
Kapitola 7.
[47

] [48]
Kapitola 8.
) (projekt.bbl [49

] [50

])
\c@ttl@toc@chapters=\count326
 (projekt-30-prilohy-appendices.tex [51]
P\IeC {\v r}\IeC {\'\i }loha A.
[52

] [53] [54] [55]
P\IeC {\v r}\IeC {\'\i }loha B.
[56

] [57] [58] [59]
P\IeC {\v r}\IeC {\'\i }loha C.
[60

] [61] [62] [63]
P\IeC {\v r}\IeC {\'\i }loha D.
[64

]
<obrazky-figures/placeholder.pdf, id=847, 151.87993pt x 85.31876pt>
File: obrazky-figures/placeholder.pdf Graphic file (type pdf)
<use obrazky-figures/placeholder.pdf>
Package pdftex.def Info: obrazky-figures/placeholder.pdf  used on input line 43
0.
(pdftex.def)             Requested size: 432.49377pt x 122.86668pt.
File: obrazky-figures/placeholder.pdf Graphic file (type pdf)
<use obrazky-figures/placeholder.pdf>
Package pdftex.def Info: obrazky-figures/placeholder.pdf  used on input line 43
1.
(pdftex.def)             Requested size: 103.798pt x 58.31018pt.
File: obrazky-figures/placeholder.pdf Graphic file (type pdf)
<use obrazky-figures/placeholder.pdf>
Package pdftex.def Info: obrazky-figures/placeholder.pdf  used on input line 43
2.
(pdftex.def)             Requested size: 103.798pt x 58.31018pt.
File: obrazky-figures/placeholder.pdf Graphic file (type pdf)
<use obrazky-figures/placeholder.pdf>
Package pdftex.def Info: obrazky-figures/placeholder.pdf  used on input line 43
3.
(pdftex.def)             Requested size: 103.798pt x 58.31018pt.
File: obrazky-figures/placeholder.pdf Graphic file (type pdf)
<use obrazky-figures/placeholder.pdf>
Package pdftex.def Info: obrazky-figures/placeholder.pdf  used on input line 43
4.
(pdftex.def)             Requested size: 103.798pt x 58.31018pt.
<obrazky-figures/keep-calm.png, id=848, 602.25pt x 702.625pt>
File: obrazky-figures/keep-calm.png Graphic file (type png)
<use obrazky-figures/keep-calm.png>
Package pdftex.def Info: obrazky-figures/keep-calm.png  used on input line 441.

(pdftex.def)             Requested size: 129.74585pt x 151.37234pt.
)
\tf@ptc=\write5
\openout5 = `projekt.ptc'.

Package atveryend Info: Empty hook `BeforeClearDocument' on input line 315.
 [65 <./obrazky-figures/placeholder.pdf>] [66 <./obrazky-figures/keep-calm.png>
]
Package atveryend Info: Empty hook `AfterLastShipout' on input line 315.
 (projekt.aux)
Package atveryend Info: Executing hook `AtVeryEndDocument' on input line 315.
Package atveryend Info: Executing hook `AtEndAfterFileList' on input line 315.
Package rerunfilecheck Info: File `projekt.out' has not changed.
(rerunfilecheck)             Checksum: 0BBF875E4645EFFB0198D2611C38B170;6527.
 ) 
Here is how much of TeX's memory you used:
 23980 strings out of 492970
 391898 string characters out of 3126593
 470184 words of memory out of 3000000
 27169 multiletter control sequences out of 15000+200000
 663474 words of font info for 144 fonts, out of 3000000 for 9000
 1141 hyphenation exceptions out of 8191
 48i,15n,65p,1808b,568s stack positions out of 5000i,500n,10000p,200000b,50000s
{C:/Users/david/AppData/Local/Programs/MiKTeX 2.9/fonts/enc/dvips/lm/lm-ec.en
c}{C:/Users/david/AppData/Local/Programs/MiKTeX 2.9/fonts/enc/dvips/lm/lm-maths
y.enc}{C:/Users/david/AppData/Local/Programs/MiKTeX 2.9/fonts/enc/dvips/opensan
s/opensans-03.enc}{C:/Users/david/AppData/Local/Programs/MiKTeX 2.9/fonts/enc/d
vips/opensans/opensans-02.enc}{C:/Users/david/AppData/Local/Programs/MiKTeX 2.9
/fonts/enc/dvips/opensans/opensans-04.enc}{C:/Users/david/AppData/Local/Program
s/MiKTeX 2.9/fonts/enc/dvips/opensans/opensans-01.enc}<C:/Users/david/AppData/L
ocal/Programs/MiKTeX 2.9/fonts/type1/public/opensans/OpenSans-Bold.pfb><C:/User
s/david/AppData/Local/Programs/MiKTeX 2.9/fonts/type1/public/amsfonts/cm/cmbx10
.pfb><C:/Users/david/AppData/Local/Programs/MiKTeX 2.9/fonts/type1/public/amsfo
nts/cm/cmmi10.pfb><C:/Users/david/AppData/Local/Programs/MiKTeX 2.9/fonts/type1
/public/amsfonts/cm/cmmi9.pfb><C:/Users/david/AppData/Local/Programs/MiKTeX 2.9
/fonts/type1/public/amsfonts/cm/cmr10.pfb><C:/Users/david/AppData/Local/Program
s/MiKTeX 2.9/fonts/type1/public/amsfonts/cm/cmr8.pfb><C:/Users/david/AppData/Lo
cal/Programs/MiKTeX 2.9/fonts/type1/public/amsfonts/cm/cmr9.pfb><C:/Users/david
/AppData/Local/Programs/MiKTeX 2.9/fonts/type1/public/amsfonts/cm/cmsy10.pfb><C
:/Users/david/AppData/Local/Programs/MiKTeX 2.9/fonts/type1/public/amsfonts/cm/
cmsy9.pfb><C:/Users/david/AppData/Local/Programs/MiKTeX 2.9/fonts/type1/public/
lm/lmbx10.pfb><C:/Users/david/AppData/Local/Programs/MiKTeX 2.9/fonts/type1/pub
lic/lm/lmbx12.pfb><C:/Users/david/AppData/Local/Programs/MiKTeX 2.9/fonts/type1
/public/lm/lmbx8.pfb><C:/Users/david/AppData/Local/Programs/MiKTeX 2.9/fonts/ty
pe1/public/lm/lmr10.pfb><C:/Users/david/AppData/Local/Programs/MiKTeX 2.9/fonts
/type1/public/lm/lmr6.pfb><C:/Users/david/AppData/Local/Programs/MiKTeX 2.9/fon
ts/type1/public/lm/lmr8.pfb><C:/Users/david/AppData/Local/Programs/MiKTeX 2.9/f
onts/type1/public/lm/lmr9.pfb><C:/Users/david/AppData/Local/Programs/MiKTeX 2.9
/fonts/type1/public/lm/lmri10.pfb><C:/Users/david/AppData/Local/Programs/MiKTeX
 2.9/fonts/type1/public/lm/lmri8.pfb><C:/Users/david/AppData/Local/Programs/MiK
TeX 2.9/fonts/type1/public/lm/lmsy10.pfb><C:/Users/david/AppData/Local/Programs
/MiKTeX 2.9/fonts/type1/public/lm/lmtk10.pfb><C:/Users/david/AppData/Local/Prog
rams/MiKTeX 2.9/fonts/type1/public/lm/lmtt10.pfb><C:/Users/david/AppData/Local/
Programs/MiKTeX 2.9/fonts/type1/public/lm/lmtt9.pfb><C:/Users/david/AppData/Loc
al/Programs/MiKTeX 2.9/fonts/type1/public/lm/lmtti10.pfb><C:/Users/david/AppDat
a/Local/Programs/MiKTeX 2.9/fonts/type1/public/amsfonts/symbols/msam10.pfb>
Output written on projekt.pdf (69 pages, 1012461 bytes).
PDF statistics:
 1014 PDF objects out of 1200 (max. 8388607)
 282 named destinations out of 1000 (max. 500000)
 362 words of extra memory for PDF output out of 10000 (max. 10000000)

